<?xml version="1.0" encoding="UTF-8"?>
<!-- Generated by org.testng.reporters.JUnitReportReporter -->
<testsuite hostname="Artem.local" failures="0" tests="4" name="HomeWorkTestNG" time="7.044" errors="0" timestamp="2022-12-07T15:56:19 EET" skipped="0">
  <testcase classname="HomeWorkTestNG" name="openRegPage" time="6.264"/>
  <system-out/>
  <testcase classname="HomeWorkTestNG" name="enterAllRegData" time="0.670"/>
  <system-out/>
  <testcase classname="HomeWorkTestNG" name="checkEnteredData" time="0.094"/>
  <system-out/>
  <testcase classname="HomeWorkTestNG" name="checkRegisterBtn" time="0.016"/>
  <system-out/>
</testsuite> <!-- HomeWorkTestNG -->
